# JRE version: Java(TM) SE Runtime Environment (8.0_211-b12) (build 1.8.0_211-b12)
# Java VM: Java HotSpot(TM) 64-Bit Server VM (25.211-b12 mixed mode windows-amd64 compressed oops)
Heap:
 PSYoungGen      total 151040K, used 142618K [0x00000000eb580000, 0x00000000f8500000, 0x0000000100000000)
  eden space 141824K, 94% used [0x00000000eb580000,0x00000000f38822b8,0x00000000f4000000)
  from space 9216K, 91% used [0x00000000f4000000,0x00000000f4844550,0x00000000f4900000)
  to   space 15872K, 0% used [0x00000000f7580000,0x00000000f7580000,0x00000000f8500000)
 ParOldGen       total 48128K, used 29877K [0x00000000c2000000, 0x00000000c4f00000, 0x00000000eb580000)
  object space 48128K, 62% used [0x00000000c2000000,0x00000000c3d2d4a0,0x00000000c4f00000)
 Metaspace       used 64786K, capacity 67648K, committed 67736K, reserved 1107968K
  class space    used 8871K, capacity 9338K, committed 9384K, reserved 1048576K
GC Heap History (10 events):
Event: 10.747 GC heap before
{Heap before GC invocations=12 (full 2):
 PSYoungGen      total 151552K, used 5252K [0x00000000eb580000, 0x00000000f5380000, 0x0000000100000000)
  eden space 141824K, 0% used [0x00000000eb580000,0x00000000eb580000,0x00000000f4000000)
  from space 9728K, 53% used [0x00000000f4900000,0x00000000f4e212d0,0x00000000f5280000)
  to   space 9216K, 0% used [0x00000000f4000000,0x00000000f4000000,0x00000000f4900000)
 ParOldGen       total 31744K, used 15448K [0x00000000c2000000, 0x00000000c3f00000, 0x00000000eb580000)
  object space 31744K, 48% used [0x00000000c2000000,0x00000000c2f16210,0x00000000c3f00000)
 Metaspace       used 33655K, capacity 35400K, committed 35496K, reserved 1079296K
  class space    used 4429K, capacity 4742K, committed 4776K, reserved 1048576K
Event: 10.822 GC heap after
Heap after GC invocations=12 (full 2):
 PSYoungGen      total 151552K, used 0K [0x00000000eb580000, 0x00000000f5380000, 0x0000000100000000)
  eden space 141824K, 0% used [0x00000000eb580000,0x00000000eb580000,0x00000000f4000000)
  from space 9728K, 0% used [0x00000000f4900000,0x00000000f4900000,0x00000000f5280000)
  to   space 9216K, 0% used [0x00000000f4000000,0x00000000f4000000,0x00000000f4900000)
 ParOldGen       total 48128K, used 13708K [0x00000000c2000000, 0x00000000c4f00000, 0x00000000eb580000)
  object space 48128K, 28% used [0x00000000c2000000,0x00000000c2d632f0,0x00000000c4f00000)
 Metaspace       used 33655K, capacity 35400K, committed 35496K, reserved 1079296K
  class space    used 4429K, capacity 4742K, committed 4776K, reserved 1048576K
}
Event: 16.538 GC heap before
{Heap before GC invocations=13 (full 2):
 PSYoungGen      total 151552K, used 141824K [0x00000000eb580000, 0x00000000f5380000, 0x0000000100000000)
  eden space 141824K, 100% used [0x00000000eb580000,0x00000000f4000000,0x00000000f4000000)
  from space 9728K, 0% used [0x00000000f4900000,0x00000000f4900000,0x00000000f5280000)
  to   space 9216K, 0% used [0x00000000f4000000,0x00000000f4000000,0x00000000f4900000)
 ParOldGen       total 48128K, used 13708K [0x00000000c2000000, 0x00000000c4f00000, 0x00000000eb580000)
  object space 48128K, 28% used [0x00000000c2000000,0x00000000c2d632f0,0x00000000c4f00000)
 Metaspace       used 43988K, capacity 46044K, committed 46248K, reserved 1089536K
  class space    used 5910K, capacity 6274K, committed 6312K, reserved 1048576K
Event: 16.550 GC heap after
Heap after GC invocations=13 (full 2):
 PSYoungGen      total 151040K, used 9195K [0x00000000eb580000, 0x00000000f5380000, 0x0000000100000000)
  eden space 141824K, 0% used [0x00000000eb580000,0x00000000eb580000,0x00000000f4000000)
  from space 9216K, 99% used [0x00000000f4000000,0x00000000f48fafa0,0x00000000f4900000)
  to   space 9728K, 0% used [0x00000000f4900000,0x00000000f4900000,0x00000000f5280000)
 ParOldGen       total 48128K, used 18333K [0x00000000c2000000, 0x00000000c4f00000, 0x00000000eb580000)
  object space 48128K, 38% used [0x00000000c2000000,0x00000000c31e77c0,0x00000000c4f00000)
 Metaspace       used 43988K, capacity 46044K, committed 46248K, reserved 1089536K
  class space    used 5910K, capacity 6274K, committed 6312K, reserved 1048576K
}
Event: 19.207 GC heap before
{Heap before GC invocations=14 (full 2):
 PSYoungGen      total 151040K, used 147004K [0x00000000eb580000, 0x00000000f5380000, 0x0000000100000000)
  eden space 141824K, 97% used [0x00000000eb580000,0x00000000f3c14168,0x00000000f4000000)
  from space 9216K, 99% used [0x00000000f4000000,0x00000000f48fafa0,0x00000000f4900000)
  to   space 9728K, 0% used [0x00000000f4900000,0x00000000f4900000,0x00000000f5280000)
 ParOldGen       total 48128K, used 18333K [0x00000000c2000000, 0x00000000c4f00000, 0x00000000eb580000)
  object space 48128K, 38% used [0x00000000c2000000,0x00000000c31e77c0,0x00000000c4f00000)
 Metaspace       used 56372K, capacity 59094K, committed 59160K, reserved 1099776K
  class space    used 7760K, capacity 8227K, committed 8232K, reserved 1048576K
Event: 19.224 GC heap after
Heap after GC invocations=14 (full 2):
 PSYoungGen      total 151552K, used 9727K [0x00000000eb580000, 0x00000000f5380000, 0x0000000100000000)
  eden space 141824K, 0% used [0x00000000eb580000,0x00000000eb580000,0x00000000f4000000)
  from space 9728K, 99% used [0x00000000f4900000,0x00000000f527fe20,0x00000000f5280000)
  to   space 9216K, 0% used [0x00000000f4000000,0x00000000f4000000,0x00000000f4900000)
 ParOldGen       total 48128K, used 28010K [0x00000000c2000000, 0x00000000c4f00000, 0x00000000eb580000)
  object space 48128K, 58% used [0x00000000c2000000,0x00000000c3b5aac8,0x00000000c4f00000)
 Metaspace       used 56372K, capacity 59094K, committed 59160K, reserved 1099776K
  class space    used 7760K, capacity 8227K, committed 8232K, reserved 1048576K
}
Event: 19.224 GC heap before
{Heap before GC invocations=15 (full 3):
 PSYoungGen      total 151552K, used 9727K [0x00000000eb580000, 0x00000000f5380000, 0x0000000100000000)
  eden space 141824K, 0% used [0x00000000eb580000,0x00000000eb580000,0x00000000f4000000)
  from space 9728K, 99% used [0x00000000f4900000,0x00000000f527fe20,0x00000000f5280000)
  to   space 9216K, 0% used [0x00000000f4000000,0x00000000f4000000,0x00000000f4900000)
 ParOldGen       total 48128K, used 28010K [0x00000000c2000000, 0x00000000c4f00000, 0x00000000eb580000)
  object space 48128K, 58% used [0x00000000c2000000,0x00000000c3b5aac8,0x00000000c4f00000)
 Metaspace       used 56372K, capacity 59094K, committed 59160K, reserved 1099776K
  class space    used 7760K, capacity 8227K, committed 8232K, reserved 1048576K
Event: 19.361 GC heap after
Heap after GC invocations=15 (full 3):
 PSYoungGen      total 151552K, used 0K [0x00000000eb580000, 0x00000000f5380000, 0x0000000100000000)
  eden space 141824K, 0% used [0x00000000eb580000,0x00000000eb580000,0x00000000f4000000)
  from space 9728K, 0% used [0x00000000f4900000,0x00000000f4900000,0x00000000f5280000)
  to   space 9216K, 0% used [0x00000000f4000000,0x00000000f4000000,0x00000000f4900000)
 ParOldGen       total 48128K, used 29869K [0x00000000c2000000, 0x00000000c4f00000, 0x00000000eb580000)
  object space 48128K, 62% used [0x00000000c2000000,0x00000000c3d2b4a0,0x00000000c4f00000)
 Metaspace       used 56372K, capacity 59094K, committed 59160K, reserved 1099776K
  class space    used 7760K, capacity 8227K, committed 8232K, reserved 1048576K
}
Event: 22.103 GC heap before
{Heap before GC invocations=16 (full 3):
 PSYoungGen      total 151552K, used 141824K [0x00000000eb580000, 0x00000000f5380000, 0x0000000100000000)
  eden space 141824K, 100% used [0x00000000eb580000,0x00000000f4000000,0x00000000f4000000)
  from space 9728K, 0% used [0x00000000f4900000,0x00000000f4900000,0x00000000f5280000)
  to   space 9216K, 0% used [0x00000000f4000000,0x00000000f4000000,0x00000000f4900000)
 ParOldGen       total 48128K, used 29869K [0x00000000c2000000, 0x00000000c4f00000, 0x00000000eb580000)
  object space 48128K, 62% used [0x00000000c2000000,0x00000000c3d2b4a0,0x00000000c4f00000)
 Metaspace       used 58650K, capacity 61440K, committed 61592K, reserved 1101824K
  class space    used 8062K, capacity 8526K, committed 8616K, reserved 1048576K
Event: 22.110 GC heap after
Heap after GC invocations=16 (full 3):
 PSYoungGen      total 151040K, used 8465K [0x00000000eb580000, 0x00000000f8500000, 0x0000000100000000)
  eden space 141824K, 0% used [0x00000000eb580000,0x00000000eb580000,0x00000000f4000000)
  from space 9216K, 91% used [0x00000000f4000000,0x00000000f4844550,0x00000000f4900000)
  to   space 15872K, 0% used [0x00000000f7580000,0x00000000f7580000,0x00000000f8500000)
 ParOldGen       total 48128K, used 29877K [0x00000000c2000000, 0x00000000c4f00000, 0x00000000eb580000)
  object space 48128K, 62% used [0x00000000c2000000,0x00000000c3d2d4a0,0x00000000c4f00000)
 Metaspace       used 58650K, capacity 61440K, committed 61592K, reserved 1101824K
  class space    used 8062K, capacity 8526K, committed 8616K, reserved 1048576K
}

