# JRE version: Java(TM) SE Runtime Environment (8.0_211-b12) (build 1.8.0_211-b12)
# Java VM: Java HotSpot(TM) 64-Bit Server VM (25.211-b12 mixed mode windows-amd64 compressed oops)
Heap:
 PSYoungGen      total 299008K, used 98947K [0x00000000eb580000, 0x0000000100000000, 0x0000000100000000)
  eden space 280064K, 28% used [0x00000000eb580000,0x00000000f03a7c40,0x00000000fc700000)
  from space 18944K, 99% used [0x00000000fc700000,0x00000000fd979330,0x00000000fd980000)
  to   space 24064K, 0% used [0x00000000fe880000,0x00000000fe880000,0x0000000100000000)
 ParOldGen       total 75264K, used 39153K [0x00000000c2000000, 0x00000000c6980000, 0x00000000eb580000)
  object space 75264K, 52% used [0x00000000c2000000,0x00000000c463c6d8,0x00000000c6980000)
 Metaspace       used 80142K, capacity 84120K, committed 84248K, reserved 1122304K
  class space    used 10569K, capacity 11230K, committed 11288K, reserved 1048576K
GC Heap History (10 events):
Event: 10.666 GC heap before
{Heap before GC invocations=12 (full 2):
 PSYoungGen      total 152064K, used 140800K [0x00000000eb580000, 0x00000000f9980000, 0x0000000100000000)
  eden space 140800K, 100% used [0x00000000eb580000,0x00000000f3f00000,0x00000000f3f00000)
  from space 11264K, 0% used [0x00000000f3f00000,0x00000000f3f00000,0x00000000f4a00000)
  to   space 11264K, 0% used [0x00000000f8e80000,0x00000000f8e80000,0x00000000f9980000)
 ParOldGen       total 45568K, used 12006K [0x00000000c2000000, 0x00000000c4c80000, 0x00000000eb580000)
  object space 45568K, 26% used [0x00000000c2000000,0x00000000c2bb98f0,0x00000000c4c80000)
 Metaspace       used 41860K, capacity 43904K, committed 44200K, reserved 1087488K
  class space    used 5671K, capacity 6046K, committed 6056K, reserved 1048576K
Event: 10.680 GC heap after
Heap after GC invocations=12 (full 2):
 PSYoungGen      total 214016K, used 11216K [0x00000000eb580000, 0x00000000f9980000, 0x0000000100000000)
  eden space 202752K, 0% used [0x00000000eb580000,0x00000000eb580000,0x00000000f7b80000)
  from space 11264K, 99% used [0x00000000f8e80000,0x00000000f9974060,0x00000000f9980000)
  to   space 12800K, 0% used [0x00000000f8080000,0x00000000f8080000,0x00000000f8d00000)
 ParOldGen       total 45568K, used 12078K [0x00000000c2000000, 0x00000000c4c80000, 0x00000000eb580000)
  object space 45568K, 26% used [0x00000000c2000000,0x00000000c2bcb900,0x00000000c4c80000)
 Metaspace       used 41860K, capacity 43904K, committed 44200K, reserved 1087488K
  class space    used 5671K, capacity 6046K, committed 6056K, reserved 1048576K
}
Event: 13.011 GC heap before
{Heap before GC invocations=13 (full 2):
 PSYoungGen      total 214016K, used 207269K [0x00000000eb580000, 0x00000000f9980000, 0x0000000100000000)
  eden space 202752K, 96% used [0x00000000eb580000,0x00000000f74f5740,0x00000000f7b80000)
  from space 11264K, 99% used [0x00000000f8e80000,0x00000000f9974060,0x00000000f9980000)
  to   space 12800K, 0% used [0x00000000f8080000,0x00000000f8080000,0x00000000f8d00000)
 ParOldGen       total 45568K, used 12078K [0x00000000c2000000, 0x00000000c4c80000, 0x00000000eb580000)
  object space 45568K, 26% used [0x00000000c2000000,0x00000000c2bcb900,0x00000000c4c80000)
 Metaspace       used 56438K, capacity 59028K, committed 59160K, reserved 1099776K
  class space    used 7642K, capacity 8110K, committed 8216K, reserved 1048576K
Event: 13.034 GC heap after
Heap after GC invocations=13 (full 2):
 PSYoungGen      total 220672K, used 12797K [0x00000000eb580000, 0x00000000fef00000, 0x0000000100000000)
  eden space 207872K, 0% used [0x00000000eb580000,0x00000000eb580000,0x00000000f8080000)
  from space 12800K, 99% used [0x00000000f8080000,0x00000000f8cff480,0x00000000f8d00000)
  to   space 17408K, 0% used [0x00000000fde00000,0x00000000fde00000,0x00000000fef00000)
 ParOldGen       total 45568K, used 21231K [0x00000000c2000000, 0x00000000c4c80000, 0x00000000eb580000)
  object space 45568K, 46% used [0x00000000c2000000,0x00000000c34bbdc8,0x00000000c4c80000)
 Metaspace       used 56438K, capacity 59028K, committed 59160K, reserved 1099776K
  class space    used 7642K, capacity 8110K, committed 8216K, reserved 1048576K
}
Event: 13.034 GC heap before
{Heap before GC invocations=14 (full 3):
 PSYoungGen      total 220672K, used 12797K [0x00000000eb580000, 0x00000000fef00000, 0x0000000100000000)
  eden space 207872K, 0% used [0x00000000eb580000,0x00000000eb580000,0x00000000f8080000)
  from space 12800K, 99% used [0x00000000f8080000,0x00000000f8cff480,0x00000000f8d00000)
  to   space 17408K, 0% used [0x00000000fde00000,0x00000000fde00000,0x00000000fef00000)
 ParOldGen       total 45568K, used 21231K [0x00000000c2000000, 0x00000000c4c80000, 0x00000000eb580000)
  object space 45568K, 46% used [0x00000000c2000000,0x00000000c34bbdc8,0x00000000c4c80000)
 Metaspace       used 56438K, capacity 59028K, committed 59160K, reserved 1099776K
  class space    used 7642K, capacity 8110K, committed 8216K, reserved 1048576K
Event: 13.193 GC heap after
Heap after GC invocations=14 (full 3):
 PSYoungGen      total 220672K, used 0K [0x00000000eb580000, 0x00000000fef00000, 0x0000000100000000)
  eden space 207872K, 0% used [0x00000000eb580000,0x00000000eb580000,0x00000000f8080000)
  from space 12800K, 0% used [0x00000000f8080000,0x00000000f8080000,0x00000000f8d00000)
  to   space 17408K, 0% used [0x00000000fde00000,0x00000000fde00000,0x00000000fef00000)
 ParOldGen       total 75264K, used 32942K [0x00000000c2000000, 0x00000000c6980000, 0x00000000eb580000)
  object space 75264K, 43% used [0x00000000c2000000,0x00000000c402b8f8,0x00000000c6980000)
 Metaspace       used 56438K, capacity 59028K, committed 59160K, reserved 1099776K
  class space    used 7642K, capacity 8110K, committed 8216K, reserved 1048576K
}
Event: 15.886 GC heap before
{Heap before GC invocations=15 (full 3):
 PSYoungGen      total 220672K, used 207872K [0x00000000eb580000, 0x00000000fef00000, 0x0000000100000000)
  eden space 207872K, 100% used [0x00000000eb580000,0x00000000f8080000,0x00000000f8080000)
  from space 12800K, 0% used [0x00000000f8080000,0x00000000f8080000,0x00000000f8d00000)
  to   space 17408K, 0% used [0x00000000fde00000,0x00000000fde00000,0x00000000fef00000)
 ParOldGen       total 75264K, used 32942K [0x00000000c2000000, 0x00000000c6980000, 0x00000000eb580000)
  object space 75264K, 43% used [0x00000000c2000000,0x00000000c402b8f8,0x00000000c6980000)
 Metaspace       used 62612K, capacity 65506K, committed 65816K, reserved 1105920K
  class space    used 8451K, capacity 8941K, committed 8984K, reserved 1048576K
Event: 15.898 GC heap after
Heap after GC invocations=15 (full 3):
 PSYoungGen      total 294400K, used 14038K [0x00000000eb580000, 0x00000000fec00000, 0x0000000100000000)
  eden space 280064K, 0% used [0x00000000eb580000,0x00000000eb580000,0x00000000fc700000)
  from space 14336K, 97% used [0x00000000fde00000,0x00000000febb5b00,0x00000000fec00000)
  to   space 18944K, 0% used [0x00000000fc700000,0x00000000fc700000,0x00000000fd980000)
 ParOldGen       total 75264K, used 32950K [0x00000000c2000000, 0x00000000c6980000, 0x00000000eb580000)
  object space 75264K, 43% used [0x00000000c2000000,0x00000000c402d8f8,0x00000000c6980000)
 Metaspace       used 62612K, capacity 65506K, committed 65816K, reserved 1105920K
  class space    used 8451K, capacity 8941K, committed 8984K, reserved 1048576K
}
Event: 35.835 GC heap before
{Heap before GC invocations=16 (full 3):
 PSYoungGen      total 294400K, used 294102K [0x00000000eb580000, 0x00000000fec00000, 0x0000000100000000)
  eden space 280064K, 100% used [0x00000000eb580000,0x00000000fc700000,0x00000000fc700000)
  from space 14336K, 97% used [0x00000000fde00000,0x00000000febb5b00,0x00000000fec00000)
  to   space 18944K, 0% used [0x00000000fc700000,0x00000000fc700000,0x00000000fd980000)
 ParOldGen       total 75264K, used 32950K [0x00000000c2000000, 0x00000000c6980000, 0x00000000eb580000)
  object space 75264K, 43% used [0x00000000c2000000,0x00000000c402d8f8,0x00000000c6980000)
 Metaspace       used 76479K, capacity 80212K, committed 80280K, reserved 1118208K
  class space    used 10221K, capacity 10846K, committed 10904K, reserved 1048576K
Event: 35.870 GC heap after
Heap after GC invocations=16 (full 3):
 PSYoungGen      total 299008K, used 18916K [0x00000000eb580000, 0x0000000100000000, 0x0000000100000000)
  eden space 280064K, 0% used [0x00000000eb580000,0x00000000eb580000,0x00000000fc700000)
  from space 18944K, 99% used [0x00000000fc700000,0x00000000fd979330,0x00000000fd980000)
  to   space 24064K, 0% used [0x00000000fe880000,0x00000000fe880000,0x0000000100000000)
 ParOldGen       total 75264K, used 39153K [0x00000000c2000000, 0x00000000c6980000, 0x00000000eb580000)
  object space 75264K, 52% used [0x00000000c2000000,0x00000000c463c6d8,0x00000000c6980000)
 Metaspace       used 76479K, capacity 80212K, committed 80280K, reserved 1118208K
  class space    used 10221K, capacity 10846K, committed 10904K, reserved 1048576K
}

